<?xml version="1.0" encoding="UTF-8"?>
<!-- Generated by org.testng.reporters.JUnitReportReporter -->
<testsuite hostname="Laptop" name="com.org.learningMaven.FirstTest" tests="1" failures="0" timestamp="14 Oct 2017 11:34:45 GMT" time="77.453" errors="0">
  <testcase name="m1" time="77.453" classname="com.org.learningMaven.FirstTest"/>
</testsuite> <!-- com.org.learningMaven.FirstTest -->
